<?xml version="1.0" encoding="UTF-8"?>
<testsuite xmlns:xsi="http://www.w3.org/2001/XMLSchema-instance" xsi:noNamespaceSchemaLocation="https://maven.apache.org/surefire/maven-surefire-plugin/xsd/surefire-test-report-3.0.xsd" version="3.0" name="com.vignesh.tictactoe.tictactoe_devops.TicTacToeTest" time="0.094" tests="8" errors="0" skipped="0" failures="0">
  <properties>
[...]
</properties>
  <testcase name="testNoWin" classname="com.vignesh.tictactoe.tictactoe_devops.TicTacToeTest" time="0.044"/>
  <testcase name="testWinColumn" classname="com.vignesh.tictactoe.tictactoe_devops.TicTacToeTest" time="0.002"/>
  <testcase name="testValidIsEntered" classname="com.vignesh.tictactoe.tictactoe_devops.TicTacToeTest" time="0.001"/>
  <testcase name="testWinDiagonal" classname="com.vignesh.tictactoe.tictactoe_devops.TicTacToeTest" time="0.0"/>
  <testcase name="testInvalidIsEntered" classname="com.vignesh.tictactoe.tictactoe_devops.TicTacToeTest" time="0.001"/>
  <testcase name="testInvalidNumber" classname="com.vignesh.tictactoe.tictactoe_devops.TicTacToeTest" time="0.002"/>
  <testcase name="testValidNumber" classname="com.vignesh.tictactoe.tictactoe_devops.TicTacToeTest" time="0.001"/>
  <testcase name="testWinRow" classname="com.vignesh.tictactoe.tictactoe_devops.TicTacToeTest" time="0.008"/>
</testsuite>